生成启动时间为 2018/8/19 星期日 下午 4:17:06。
     1>项目“D:\QtSamples\Task_point\Task_point.vcxproj”在节点 2 上(build 个目标)。
     1>InitializeBuildStatus:
         正在对“Debug\Task_point.unsuccessfulbuild”执行 Touch 任务。
       CustomBuild:
         Moc'ing task_point.h...
       ClCompile:
         C:\Program Files (x86)\Microsoft Visual Studio 10.0\VC\bin\CL.exe /c /I.\GeneratedFiles /I. /IC:\Qt\4.8.6\include /I.\GeneratedFiles\Debug /IC:\Qt\4.8.6\include\QtCore /IC:\Qt\4.8.6\include\QtGui /Zi /nologo /W1 /WX- /Od /Oy- /D UNICODE /D WIN32 /D QT_DLL /D QT_CORE_LIB /D QT_GUI_LIB /Gm- /EHsc /MDd /GS /fp:precise /Zc:wchar_t- /Zc:forScope /Fo"Debug\\" /Fd"Debug\vc100.pdb" /Gd /TP /analyze- /errorReport:prompt GeneratedFiles\Debug\moc_task_point.cpp main.cpp task_point.cpp
         moc_task_point.cpp
         main.cpp
         task_point.cpp
         正在生成代码...
         所有输出均为最新。
       Link:
         C:\Program Files (x86)\Microsoft Visual Studio 10.0\VC\bin\link.exe /ERRORREPORT:PROMPT /OUT:"D:\QtSamples\Task_point\Win32\Debug\\Task_point.exe" /NOLOGO /LIBPATH:C:\Qt\4.8.6\lib qtmaind.lib QtCored4.lib QtGuid4.lib kernel32.lib user32.lib gdi32.lib winspool.lib comdlg32.lib advapi32.lib shell32.lib ole32.lib oleaut32.lib uuid.lib odbc32.lib odbccp32.lib /MANIFEST /ManifestFile:"Debug\Task_point.exe.intermediate.manifest" /MANIFESTUAC:"level='asInvoker' uiAccess='false'" /DEBUG /PDB:"D:\QtSamples\Task_point\Win32\Debug\Task_point.pdb" /SUBSYSTEM:WINDOWS /TLBID:1 /DYNAMICBASE /NXCOMPAT /IMPLIB:"D:\QtSamples\Task_point\Win32\Debug\Task_point.lib" /MACHINE:X86 Debug\DataManager.obj
         Debug\dlgnewpoint.obj
         Debug\moc_dlgnewpoint.obj
         Debug\moc_task_point.obj
         Debug\qrc_task_point.obj
         Debug\main.obj
         Debug\task_point.obj
         Task_point.vcxproj -> D:\QtSamples\Task_point\Win32\Debug\Task_point.exe
       Manifest:
         C:\Program Files (x86)\Microsoft SDKs\Windows\v7.0A\bin\mt.exe /nologo /verbose /outputresource:"D:\QtSamples\Task_point\Win32\Debug\\Task_point.exe;#1" /manifest Debug\Task_point.exe.intermediate.manifest
       FinalizeBuildStatus:
         正在删除文件“Debug\Task_point.unsuccessfulbuild”。
         正在对“Debug\Task_point.lastbuildstate”执行 Touch 任务。
     1>已完成生成项目“D:\QtSamples\Task_point\Task_point.vcxproj”(build 个目标)的操作。

生成成功。

已用时间 00:00:08.31
