生成启动时间为 2018/8/21 星期二 下午 12:11:42。
     1>项目“D:\QtSamples\Voice\Voice.vcxproj”在节点 2 上(build 个目标)。
     1>InitializeBuildStatus:
         正在对“Debug\Voice.unsuccessfulbuild”执行 Touch 任务。
       CustomBuild:
         所有输出均为最新。
       ClCompile:
         C:\Program Files (x86)\Microsoft Visual Studio 10.0\VC\bin\CL.exe /c /I.\GeneratedFiles /I. /IC:\Qt\4.8.6\include /I.\GeneratedFiles\Debug /IC:\Qt\4.8.6\include\QtCore /IC:\Qt\4.8.6\include\QtGui /Zi /nologo /W1 /WX- /Od /Oy- /D UNICODE /D WIN32 /D QT_DLL /D QT_CORE_LIB /D QT_GUI_LIB /Gm- /EHsc /MDd /GS /fp:precise /Zc:wchar_t- /Zc:forScope /Fo"Debug\\" /Fd"Debug\vc100.pdb" /Gd /TP /analyze- /errorReport:prompt voice.cpp
         voice.cpp
         所有输出均为最新。
       Link:
         C:\Program Files (x86)\Microsoft Visual Studio 10.0\VC\bin\link.exe /ERRORREPORT:PROMPT /OUT:"D:\QtSamples\Voice\Win32\Debug\\Voice.exe" /NOLOGO /LIBPATH:C:\Qt\4.8.6\lib qtmaind.lib QtCored4.lib QtGuid4.lib kernel32.lib user32.lib gdi32.lib winspool.lib comdlg32.lib advapi32.lib shell32.lib ole32.lib oleaut32.lib uuid.lib odbc32.lib odbccp32.lib /MANIFEST /ManifestFile:"Debug\Voice.exe.intermediate.manifest" /MANIFESTUAC:"level='asInvoker' uiAccess='false'" /DEBUG /PDB:"D:\QtSamples\Voice\Win32\Debug\Voice.pdb" /SUBSYSTEM:WINDOWS /TLBID:1 /DYNAMICBASE /NXCOMPAT /IMPLIB:"D:\QtSamples\Voice\Win32\Debug\Voice.lib" /MACHINE:X86 Debug\DataManager.obj
         Debug\dlgnewvoice.obj
         Debug\moc_dlgnewvoice.obj
         Debug\moc_voice.obj
         Debug\qrc_voice.obj
         Debug\main.obj
         Debug\voice.obj
         LINK : 没有找到 D:\QtSamples\Voice\Win32\Debug\\Voice.exe 或上一个增量链接没有生成它；正在执行完全链接
         Voice.vcxproj -> D:\QtSamples\Voice\Win32\Debug\Voice.exe
       Manifest:
         C:\Program Files (x86)\Microsoft SDKs\Windows\v7.0A\bin\mt.exe /nologo /verbose /outputresource:"D:\QtSamples\Voice\Win32\Debug\\Voice.exe;#1" /manifest Debug\Voice.exe.intermediate.manifest
       FinalizeBuildStatus:
         正在删除文件“Debug\Voice.unsuccessfulbuild”。
         正在对“Debug\Voice.lastbuildstate”执行 Touch 任务。
     1>已完成生成项目“D:\QtSamples\Voice\Voice.vcxproj”(build 个目标)的操作。

生成成功。

已用时间 00:00:02.77
