生成启动时间为 2018/8/19 星期日 下午 5:31:57。
     1>项目“D:\QtSamples\Task_point\Task_point.vcxproj”在节点 2 上(build 个目标)。
     1>InitializeBuildStatus:
         正在对“Release\Task_point.unsuccessfulbuild”执行 Touch 任务。
       CustomBuild:
         Moc'ing task_point.h...
         Uic'ing task_point.ui...
         Moc'ing dlgnewpoint.h...
         Rcc'ing task_point.qrc...
     1>RCC : warning : No resources in 'D:\QtSamples\Task_point\task_point.qrc'.
         
         Uic'ing dlgnewpoint.ui...
     1>D:\QtSamples\Task_point\dlgnewpoint.ui : warning : Z-order assignment: 'horizontalSpacer' is not a valid widget.
     1>D:\QtSamples\Task_point\dlgnewpoint.ui : warning : Z-order assignment: 'horizontalSpacer_2' is not a valid widget.
     1>D:\QtSamples\Task_point\dlgnewpoint.ui : warning : Z-order assignment: 'horizontalSpacer_3' is not a valid widget.
     1>D:\QtSamples\Task_point\dlgnewpoint.ui : warning : Z-order assignment: 'horizontalSpacer_4' is not a valid widget.
     1>D:\QtSamples\Task_point\dlgnewpoint.ui : warning : Z-order assignment: 'horizontalSpacer_5' is not a valid widget.
     1>D:\QtSamples\Task_point\dlgnewpoint.ui : warning : Z-order assignment: 'horizontalSpacer_6' is not a valid widget.
     1>D:\QtSamples\Task_point\dlgnewpoint.ui : warning : Z-order assignment: 'horizontalSpacer_7' is not a valid widget.
     1>D:\QtSamples\Task_point\dlgnewpoint.ui : warning : Z-order assignment: 'horizontalSpacer' is not a valid widget.
     1>D:\QtSamples\Task_point\dlgnewpoint.ui : warning : Z-order assignment: 'horizontalSpacer_2' is not a valid widget.
     1>D:\QtSamples\Task_point\dlgnewpoint.ui : warning : Z-order assignment: 'horizontalSpacer_3' is not a valid widget.
     1>D:\QtSamples\Task_point\dlgnewpoint.ui : warning : Z-order assignment: 'horizontalSpacer_4' is not a valid widget.
     1>D:\QtSamples\Task_point\dlgnewpoint.ui : warning : Z-order assignment: 'horizontalSpacer_8' is not a valid widget.
       ClCompile:
         C:\Program Files (x86)\Microsoft Visual Studio 10.0\VC\bin\CL.exe /c /I.\GeneratedFiles /I. /IC:\Qt\4.8.6\include /I.\GeneratedFiles\Release /IC:\Qt\4.8.6\include\QtCore /IC:\Qt\4.8.6\include\QtGui /nologo /W1 /WX- /O2 /Oy- /D UNICODE /D WIN32 /D QT_DLL /D QT_NO_DEBUG /D NDEBUG /D QT_CORE_LIB /D QT_GUI_LIB /Gm- /EHsc /MD /GS /fp:precise /Zc:wchar_t- /Zc:forScope /Fo"Release\\" /Fd"Release\vc100.pdb" /Gd /TP /analyze- /errorReport:prompt DataManager.cpp dlgnewpoint.cpp GeneratedFiles\Release\moc_dlgnewpoint.cpp GeneratedFiles\Release\moc_task_point.cpp main.cpp task_point.cpp
         DataManager.cpp
         dlgnewpoint.cpp
         moc_dlgnewpoint.cpp
         moc_task_point.cpp
         main.cpp
         task_point.cpp
         正在生成代码...
         C:\Program Files (x86)\Microsoft Visual Studio 10.0\VC\bin\CL.exe /c /I.\GeneratedFiles /I. /IC:\Qt\4.8.6\include /I.\GeneratedFiles\Release /IC:\Qt\4.8.6\include\QtCore /IC:\Qt\4.8.6\include\QtGui /nologo /W1 /WX- /O2 /Oy- /D UNICODE /D WIN32 /D QT_DLL /D QT_NO_DEBUG /D NDEBUG /D QT_CORE_LIB /D QT_GUI_LIB /Gm- /EHsc /MD /GS /fp:precise /Zc:wchar_t- /Zc:forScope /Fo"Release\\" /Fd"Release\vc100.pdb" /Gd /TP /analyze- /errorReport:prompt GeneratedFiles\qrc_task_point.cpp
         qrc_task_point.cpp
       Link:
         C:\Program Files (x86)\Microsoft Visual Studio 10.0\VC\bin\link.exe /ERRORREPORT:PROMPT /OUT:"D:\QtSamples\Task_point\Win32\Release\\Task_point.exe" /NOLOGO /LIBPATH:C:\Qt\4.8.6\lib qtmain.lib QtCore4.lib QtGui4.lib kernel32.lib user32.lib gdi32.lib winspool.lib comdlg32.lib advapi32.lib shell32.lib ole32.lib oleaut32.lib uuid.lib odbc32.lib odbccp32.lib /MANIFEST /ManifestFile:"Release\Task_point.exe.intermediate.manifest" /MANIFESTUAC:"level='asInvoker' uiAccess='false'" /PDB:"D:\QtSamples\Task_point\Win32\Release\Task_point.pdb" /SUBSYSTEM:WINDOWS /TLBID:1 /DYNAMICBASE /NXCOMPAT /IMPLIB:"D:\QtSamples\Task_point\Win32\Release\Task_point.lib" /MACHINE:X86 Release\DataManager.obj
         Release\dlgnewpoint.obj
         Release\qrc_task_point.obj
         Release\moc_dlgnewpoint.obj
         Release\moc_task_point.obj
         Release\main.obj
         Release\task_point.obj
         Task_point.vcxproj -> D:\QtSamples\Task_point\Win32\Release\Task_point.exe
       Manifest:
         C:\Program Files (x86)\Microsoft SDKs\Windows\v7.0A\bin\mt.exe /nologo /verbose /outputresource:"D:\QtSamples\Task_point\Win32\Release\\Task_point.exe;#1" /manifest Release\Task_point.exe.intermediate.manifest
       FinalizeBuildStatus:
         正在删除文件“Release\Task_point.unsuccessfulbuild”。
         正在对“Release\Task_point.lastbuildstate”执行 Touch 任务。
     1>已完成生成项目“D:\QtSamples\Task_point\Task_point.vcxproj”(build 个目标)的操作。

生成成功。

已用时间 00:00:11.35
